<?xml version="1.0" encoding="UTF-8"?>
<!-- Generated by org.testng.reporters.JUnitReportReporter -->
<testsuite skipped="1" hostname="DESKTOP-O6C5HTH" name="project1.keywords" tests="8" failures="0" timestamp="2020-12-03T14:23:34 IST" time="0.049" errors="1">
  <testcase name="s2" time="0.002" classname="project1.keywords"/>
  <testcase name="s1" time="0.013" classname="project1.keywords"/>
  <testcase name="s3" time="0.017" classname="project1.keywords">
    <error type="org.testng.internal.thread.ThreadTimeoutException" message="Method project1.keywords.s3() didn&#039;t finish within the time-out 3">
      <![CDATA[org.testng.internal.thread.ThreadTimeoutException: Method project1.keywords.s3() didn't finish within the time-out 3
at java.lang.Thread.sleep(Native Method)
at project1.keywords.s3(keywords.java:19)
at sun.reflect.NativeMethodAccessorImpl.invoke0(Native Method)
at sun.reflect.NativeMethodAccessorImpl.invoke(Unknown Source)
at sun.reflect.DelegatingMethodAccessorImpl.invoke(Unknown Source)
at java.lang.reflect.Method.invoke(Unknown Source)
at org.testng.internal.MethodInvocationHelper.invokeMethod(MethodInvocationHelper.java:133)
at org.testng.internal.InvokeMethodRunnable.runOne(InvokeMethodRunnable.java:51)
at org.testng.internal.InvokeMethodRunnable.run(InvokeMethodRunnable.java:41)
at java.util.concurrent.Executors$RunnableAdapter.call(Unknown Source)
at java.util.concurrent.FutureTask.run(Unknown Source)
at java.util.concurrent.ThreadPoolExecutor.runWorker(Unknown Source)
at java.util.concurrent.ThreadPoolExecutor$Worker.run(Unknown Source)
at java.lang.Thread.run(Unknown Source)
]]>
    </error>
  </testcase> <!-- s3 -->
  <testcase name="s1" time="0.003" classname="project1.keywords"/>
  <testcase name="s1" time="0.003" classname="project1.keywords"/>
  <testcase name="s1" time="0.003" classname="project1.keywords"/>
  <testcase name="s5" time="0.008" classname="project1.keywords"/>
  <testcase name="s4" classname="project1.keywords">
    <skipped/>
  </testcase> <!-- s4 -->
</testsuite> <!-- project1.keywords -->
