<?xml version="1.0" encoding="UTF-8"?>
<!-- Generated by org.testng.reporters.JUnitReportReporter -->
<testsuite skipped="0" hostname="DESKTOP-O6C5HTH" name="project1.navin" tests="1" failures="0" timestamp="2020-12-03T18:34:02 IST" time="0.024" errors="0">
  <testcase name="verify_page_title" time="0.024" classname="project1.navin"/>
</testsuite> <!-- project1.navin -->
