<?xml version="1.0" encoding="UTF-8"?>
<!-- Generated by org.testng.reporters.JUnitReportReporter -->
<testsuite skipped="0" hostname="DESKTOP-O6C5HTH" name="project1.assertion_testng" tests="3" failures="0" timestamp="2020-12-03T14:23:34 IST" time="0.009" errors="0">
  <testcase name="m2" time="0.001" classname="project1.assertion_testng"/>
  <testcase name="m3" time="0.002" classname="project1.assertion_testng"/>
  <testcase name="m1" time="0.006" classname="project1.assertion_testng"/>
</testsuite> <!-- project1.assertion_testng -->
