<?xml version="1.0" encoding="UTF-8"?>
<!-- Generated by org.testng.reporters.JUnitReportReporter -->
<testsuite skipped="0" hostname="DESKTOP-O6C5HTH" name="project1.myfirst" tests="3" failures="0" timestamp="2020-12-03T14:23:34 IST" time="0.009" errors="0">
  <testcase name="s1" time="0.002" classname="project1.myfirst"/>
  <testcase name="s2" time="0.005" classname="project1.myfirst"/>
  <testcase name="a" time="0.002" classname="project1.myfirst"/>
</testsuite> <!-- project1.myfirst -->
